<?xml version="1.0" encoding="UTF-8"?>
<!-- Generated by org.testng.reporters.JUnitXMLReporter -->
<testsuite hostname="DESKTOP-RO5AP5V" ignored="2" name="Test" tests="1" failures="0" timestamp="29 Sep 2020 17:47:03 GMT" time="14.957" errors="0">
  <testcase name="verifyhomepage" time="1.787" classname="com.myproject.testcases.HomePageTest"/>
  <testcase name="invalidlogin" time="0.0" classname="com.myproject.testcases.LoginPageTest">
    <ignored/>
  </testcase> <!-- invalidlogin -->
  <testcase name="login1" time="0.0" classname="com.myproject.testcases.LoginPageTest">
    <ignored/>
  </testcase> <!-- login1 -->
</testsuite> <!-- Test -->
