<?xml version="1.0" encoding="UTF-8"?>
<!-- Generated by org.testng.reporters.JUnitXMLReporter -->
<testsuite hostname="DESKTOP-RO5AP5V" ignored="0" name="Test" tests="3" failures="0" timestamp="28 Sep 2020 16:29:17 GMT" time="99.197" errors="0">
  <testcase name="verifyhomepage" time="8.477" classname="com.myproject.testcases.HomePageTest"/>
  <testcase name="login1" time="0.505" classname="com.myproject.testcases.LoginPageTest"/>
  <testcase name="invalidlogin" time="0.717" classname="com.myproject.testcases.LoginPageTest"/>
</testsuite> <!-- Test -->
