<?xml version="1.0" encoding="UTF-8"?>
<!-- Generated by org.testng.reporters.JUnitXMLReporter -->
<testsuite hostname="DESKTOP-RO5AP5V" ignored="2" name="Test(failed)" tests="1" failures="1" timestamp="27 Sep 2020 19:07:20 GMT" time="33.169" errors="0">
  <testcase name="invalidlogin" time="0.104" classname="com.myproject.testcases.LoginPageTest">
    <failure type="java.lang.NullPointerException">
      <![CDATA[java.lang.NullPointerException
	at com.myproject.testcases.LoginPageTest.invalidlogin(LoginPageTest.java:34)
... Removed 25 stack frames]]>
    </failure>
  </testcase> <!-- invalidlogin -->
  <testcase name="login" time="0.0" classname="com.myproject.testcases.LoginPageTest">
    <ignored/>
  </testcase> <!-- login -->
  <testcase name="verifyhomepage" time="0.0" classname="com.myproject.testcases.HomePageTest">
    <ignored/>
  </testcase> <!-- verifyhomepage -->
</testsuite> <!-- Test(failed) -->
