<?xml version="1.0" encoding="UTF-8"?>
<testsuite xmlns:xsi="http://www.w3.org/2001/XMLSchema-instance" xsi:noNamespaceSchemaLocation="https://maven.apache.org/surefire/maven-surefire-plugin/xsd/surefire-test-report-3.0.xsd" version="3.0" name="TestSuite" time="99.375" tests="3" errors="0" skipped="0" failures="1">
  <properties>
[...]
</properties>
  <testcase name="login1" classname="com.myproject.testcases.LoginPageTest" time="9.654"/>
  <testcase name="invalidlogin" classname="com.myproject.testcases.LoginPageTest" time="0.397">
    <failure message="expected [Hello naresh, let&apos;s complete the test form:] but found []" type="java.lang.AssertionError"><![CDATA[java.lang.AssertionError: expected [Hello naresh, let's complete the test form:] but found []
	at com.myproject.testcases.LoginPageTest.invalidlogin(LoginPageTest.java:38)
]]></failure>
    <system-out><![CDATA[Test started  com.myproject.testcases.LoginPageTest
Test failed  com.myproject.testcases.LoginPageTest
]]></system-out>
    <system-err><![CDATA[Starting ChromeDriver 86.0.4240.22 (398b0743353ff36fb1b82468f63a3a93b4e2e89e-refs/branch-heads/4240@{#378}) on port 13180
Only local connections are allowed.
Please see https://chromedriver.chromium.org/security-considerations for suggestions on keeping ChromeDriver safe.
ChromeDriver was started successfully.
Oct 12, 2020 11:01:13 PM org.openqa.selenium.remote.ProtocolHandshake createSession
INFO: Detected dialect: W3C
]]></system-err>
  </testcase>
  <testcase name="verifyhomepage" classname="com.myproject.testcases.HomePageTest" time="1.792"/>
</testsuite>