<?xml version="1.0" encoding="UTF-8"?>
<testng-results skipped="0" failed="0" ignored="2" total="3" passed="1">
  <reporter-output>
  </reporter-output>
  <suite name="Suite" duration-ms="14957" started-at="2020-09-29T17:46:48Z" finished-at="2020-09-29T17:47:03Z">
    <groups>
      <group name="Regression">
        <method signature="HomePageTest.verifyhomepage()[pri:3, instance:com.myproject.testcases.HomePageTest@ae45eb6]" name="verifyhomepage" class="com.myproject.testcases.HomePageTest"/>
      </group> <!-- Regression -->
      <group name="sanity">
        <method signature="HomePageTest.verifyhomepage()[pri:3, instance:com.myproject.testcases.HomePageTest@ae45eb6]" name="verifyhomepage" class="com.myproject.testcases.HomePageTest"/>
      </group> <!-- sanity -->
    </groups>
    <test name="Test" duration-ms="14957" started-at="2020-09-29T17:46:48Z" finished-at="2020-09-29T17:47:03Z">
      <class name="com.myproject.testcases.HomePageTest">
        <test-method status="PASS" signature="setup(java.lang.String)[pri:0, instance:com.myproject.testcases.HomePageTest@ae45eb6]" name="setup" is-config="true" duration-ms="13074" started-at="2020-09-29T23:16:48Z" finished-at="2020-09-29T23:17:01Z">
          <params>
            <param index="0">
              <value>
                <![CDATA[Chrome]]>
              </value>
            </param>
          </params>
          <reporter-output>
          </reporter-output>
        </test-method> <!-- setup -->
        <test-method status="PASS" signature="verifyhomepage()[pri:3, instance:com.myproject.testcases.HomePageTest@ae45eb6]" name="verifyhomepage" duration-ms="1787" started-at="2020-09-29T23:17:01Z" finished-at="2020-09-29T23:17:03Z">
          <reporter-output>
          </reporter-output>
        </test-method> <!-- verifyhomepage -->
      </class> <!-- com.myproject.testcases.HomePageTest -->
    </test> <!-- Test -->
  </suite> <!-- Suite -->
</testng-results>
